<?xml version="1.0" encoding="UTF-8"?>
<!-- Generated by org.testng.reporters.JUnitReportReporter -->
<testsuite hostname="jemsnroy" failures="0" tests="3" name="Session5.FileUpload" time="7.163" errors="0" timestamp="01 Mar. 2023 18:31:08 GMT" skipped="0">
  <testcase classname="Session5.FileUpload" name="uploadSingleFile" time="6.690"/>
  <testcase classname="Session5.FileUpload" name="uploadMultipleFiles" time="0.376"/>
  <testcase classname="Session5.FileUpload" name="downloadFile" time="0.097"/>
</testsuite> <!-- Session5.FileUpload -->
