<?xml version="1.0" encoding="UTF-8"?>
<!-- Generated by org.testng.reporters.JUnitReportReporter -->
<testsuite hostname="jemsnroy" failures="0" tests="1" name="Session7.FakerTestData" time="0.134" errors="0" timestamp="02 Mar. 2023 15:36:35 GMT" skipped="0">
  <testcase classname="Session7.FakerTestData" name="fakerTest" time="0.134"/>
</testsuite> <!-- Session7.FakerTestData -->
