<?xml version="1.0" encoding="UTF-8"?>
<!-- Generated by org.testng.reporters.JUnitReportReporter -->
<testsuite hostname="jemsnroy" failures="0" tests="1" name="Session6.JSONandXMLSchemaValidation" time="1.653" errors="0" timestamp="01 Mar. 2023 19:34:29 GMT" skipped="0">
  <testcase classname="Session6.JSONandXMLSchemaValidation" name="validateXMLSchema" time="1.653"/>
</testsuite> <!-- Session6.JSONandXMLSchemaValidation -->
