<?xml version="1.0" encoding="UTF-8"?>
<!-- Generated by org.testng.reporters.JUnitReportReporter -->
<testsuite hostname="jemsnroy" failures="0" tests="2" name="Session2A.RequestBodyExistingJSONfile" time="1.452" errors="0" timestamp="23 Feb. 2023 21:55:46 GMT" skipped="0">
  <testcase classname="Session2A.RequestBodyExistingJSONfile" name="deleteUser" time="1.021"/>
  <testcase classname="Session2A.RequestBodyExistingJSONfile" name="postUser" time="0.431"/>
</testsuite> <!-- Session2A.RequestBodyExistingJSONfile -->
