<?xml version="1.0" encoding="UTF-8"?>
<!-- Generated by org.testng.reporters.JUnitReportReporter -->
<testsuite hostname="jemsnroy" failures="0" tests="2" name="Session2A.RequestBodyPOJO" time="1.668" errors="0" timestamp="23 Feb. 2023 21:08:00 GMT" skipped="0">
  <testcase classname="Session2A.RequestBodyPOJO" name="postUser" time="0.675"/>
  <testcase classname="Session2A.RequestBodyPOJO" name="deleteUser" time="0.993"/>
</testsuite> <!-- Session2A.RequestBodyPOJO -->
