<?xml version="1.0" encoding="UTF-8"?>
<!-- Generated by org.testng.reporters.JUnitReportReporter -->
<testsuite hostname="jemsnroy" failures="0" tests="4" name="Session4.ResponseBodyTest" time="1.501" errors="0" timestamp="28 Feb. 2023 23:02:12 GMT" skipped="0">
  <testcase classname="Session4.ResponseBodyTest" name="validateResponseBody" time="1.366"/>
  <testcase classname="Session4.ResponseBodyTest" name="validateResponseBodyByJSONPath" time="0.067"/>
  <testcase classname="Session4.ResponseBodyTest" name="validateAdditonOfMultipleValuesfromResponseBody" time="0.026"/>
  <testcase classname="Session4.ResponseBodyTest" name="validateMultipleValuesfromResponseBody" time="0.042"/>
</testsuite> <!-- Session4.ResponseBodyTest -->
