<?xml version="1.0" encoding="UTF-8"?>
<!-- Generated by org.testng.reporters.JUnitReportReporter -->
<testsuite hostname="jemsnroy" failures="0" tests="3" name="Session5.ResponseBobyInXMLFormatTest" time="3.306" errors="0" timestamp="01 Mar. 2023 03:24:38 GMT" skipped="0">
  <testcase classname="Session5.ResponseBobyInXMLFormatTest" name="testA" time="2.044"/>
  <testcase classname="Session5.ResponseBobyInXMLFormatTest" name="testB" time="0.637"/>
  <testcase classname="Session5.ResponseBobyInXMLFormatTest" name="testC" time="0.625"/>
</testsuite> <!-- Session5.ResponseBobyInXMLFormatTest -->
