<?xml version="1.0" encoding="UTF-8"?>
<!-- Generated by org.testng.reporters.JUnitReportReporter -->
<testsuite hostname="jemsnroy" failures="0" tests="1" name="Session8.PUTRequest" time="0.479" errors="0" timestamp="02 Mar. 2023 20:10:08 GMT" skipped="0">
  <testcase classname="Session8.PUTRequest" name="updateUser" time="0.479"/>
</testsuite> <!-- Session8.PUTRequest -->
