<?xml version="1.0" encoding="UTF-8"?>
<!-- Generated by org.testng.reporters.JUnitReportReporter -->
<testsuite hostname="jemsnroy" failures="0" tests="2" name="Session6.SerializeANDDeSerialize" time="0.158" errors="0" timestamp="01 Mar. 2023 20:34:31 GMT" skipped="0">
  <testcase classname="Session6.SerializeANDDeSerialize" name="convertJAVAObjecttoJSONObject" time="0.142"/>
  <testcase classname="Session6.SerializeANDDeSerialize" name="convertJSONObjecttoJAVAObject" time="0.016"/>
</testsuite> <!-- Session6.SerializeANDDeSerialize -->
