<?xml version="1.0" encoding="UTF-8"?>
<!-- Generated by org.testng.reporters.JUnitReportReporter -->
<testsuite hostname="jemsnroy" failures="0" tests="1" name="Session3.PathAndQueryPara" time="1.225" errors="0" timestamp="24 Feb. 2023 03:27:46 GMT" skipped="0">
  <testcase classname="Session3.PathAndQueryPara" name="getUser" time="1.225"/>
</testsuite> <!-- Session3.PathAndQueryPara -->
