<?xml version="1.0" encoding="UTF-8"?>
<!-- Generated by org.testng.reporters.JUnitReportReporter -->
<testsuite hostname="jemsnroy" failures="0" tests="1" name="Session4.ResponseBodyTest1" time="1.258" errors="0" timestamp="28 Feb. 2023 17:56:29 GMT" skipped="0">
  <testcase classname="Session4.ResponseBodyTest1" name="validateResponseBody" time="1.258"/>
</testsuite> <!-- Session4.ResponseBodyTest1 -->
