<?xml version="1.0" encoding="UTF-8"?>
<!-- Generated by org.testng.reporters.JUnitReportReporter -->
<testsuite hostname="jemsnroy" failures="0" tests="1" name="Session3.HeadersTest" time="1.200" errors="0" timestamp="24 Feb. 2023 04:34:17 GMT" skipped="0">
  <testcase classname="Session3.HeadersTest" name="captureHeaders" time="1.200"/>
</testsuite> <!-- Session3.HeadersTest -->
