<?xml version="1.0" encoding="UTF-8"?>
<!-- Generated by org.testng.reporters.JUnitReportReporter -->
<testsuite hostname="jemsnroy" failures="0" tests="2" name="session1.HTTPRequest" time="2.139" errors="0" timestamp="24 Feb. 2023 19:27:58 GMT" skipped="0">
  <testcase classname="session1.HTTPRequest" name="postUser" time="1.943"/>
  <testcase classname="session1.HTTPRequest" name="getUsers" time="0.196"/>
</testsuite> <!-- session1.HTTPRequest -->
