<?xml version="1.0" encoding="UTF-8"?>
<!-- Generated by org.testng.reporters.JUnitReportReporter -->
<testsuite hostname="jemsnroy" failures="0" tests="1" name="Session3.CookiesTest" time="1.226" errors="0" timestamp="24 Feb. 2023 03:55:32 GMT" skipped="0">
  <testcase classname="Session3.CookiesTest" name="verifyCookie" time="1.226"/>
</testsuite> <!-- Session3.CookiesTest -->
